<?xml version="1.0" encoding="UTF-8"?>
<testng-results ignored="0" total="1" passed="1" failed="0" skipped="0">
  <reporter-output>
  </reporter-output>
  <suite started-at="2025-02-17T18:13:30 EET" name="Default suite" finished-at="2025-02-17T18:14:52 EET" duration-ms="81687">
    <groups>
    </groups>
    <test started-at="2025-02-17T18:13:30 EET" name="Default test" finished-at="2025-02-17T18:14:52 EET" duration-ms="81687">
      <class name="tests.SmokeTest1">
        <test-method is-config="true" signature="beforeTestMethod()[pri:0, instance:tests.SmokeTest1@792b749c]" started-at="2025-02-17T18:13:30 EET" name="beforeTestMethod" finished-at="2025-02-17T18:13:31 EET" duration-ms="181" status="PASS">
          <reporter-output>
          </reporter-output>
        </test-method> <!-- beforeTestMethod -->
        <test-method is-config="true" signature="beforeMethodMethod(java.lang.String,java.lang.reflect.Method)[pri:0, instance:tests.SmokeTest1@792b749c]" started-at="2025-02-17T18:13:31 EET" name="beforeMethodMethod" finished-at="2025-02-17T18:13:35 EET" duration-ms="4077" status="PASS">
          <params>
            <param index="0">
              <value>
                <![CDATA[firefox]]>
              </value>
            </param>
            <param index="1">
              <value>
                <![CDATA[public void tests.SmokeTest1.performSmokeTest() throws java.lang.InterruptedException]]>
              </value>
            </param>
          </params>
          <reporter-output>
          </reporter-output>
        </test-method> <!-- beforeMethodMethod -->
        <test-method signature="performSmokeTest()[pri:0, instance:tests.SmokeTest1@792b749c]" started-at="2025-02-17T18:13:35 EET" name="performSmokeTest" finished-at="2025-02-17T18:14:51 EET" duration-ms="76615" status="PASS">
          <reporter-output>
          </reporter-output>
        </test-method> <!-- performSmokeTest -->
        <test-method is-config="true" signature="afterMethodMethod(org.testng.ITestResult)[pri:0, instance:tests.SmokeTest1@792b749c]" started-at="2025-02-17T18:14:51 EET" name="afterMethodMethod" finished-at="2025-02-17T18:14:51 EET" duration-ms="1" status="PASS">
          <params>
            <param index="0">
              <value>
                <![CDATA[[TestResult name=performSmokeTest status=SUCCESS method=SmokeTest1.performSmokeTest()[pri:0, instance:tests.SmokeTest1@792b749c] output={null}]]]>
              </value>
            </param>
          </params>
          <reporter-output>
          </reporter-output>
        </test-method> <!-- afterMethodMethod -->
        <test-method is-config="true" signature="afterTestMethod()[pri:0, instance:tests.SmokeTest1@792b749c]" started-at="2025-02-17T18:14:51 EET" name="afterTestMethod" finished-at="2025-02-17T18:14:52 EET" duration-ms="785" status="PASS">
          <reporter-output>
          </reporter-output>
        </test-method> <!-- afterTestMethod -->
      </class> <!-- tests.SmokeTest1 -->
    </test> <!-- Default test -->
  </suite> <!-- Default suite -->
</testng-results>
